[    0.000000] Linux version 4.15.0-212-generic (buildd@lcy02-amd64-083) (gcc version 7.5.0 (Ubuntu 7.5.0-3ubuntu1~18.04)) #223-Ubuntu SMP Tue May 23 13:09:22 UTC 2023 (Ubuntu 4.15.0-212.223-generic 4.15.18)
[    0.000000] Command line: BOOT_IMAGE=/boot/vmlinuz-4.15.0-212-generic root=LABEL=cloudimg-rootfs ro console=tty1 console=ttyS0
[    0.000000] KERNEL supported cpus:
[    0.000000]   Intel GenuineIntel
[    0.000000]   AMD AuthenticAMD
[    0.000000]   Centaur CentaurHauls
[    0.000000] [Firmware Bug]: TSC doesn't count with P0 frequency!
[    0.000000] x86/fpu: x87 FPU will use FXSAVE
[    0.000000] e820: BIOS-provided physical RAM map:
[    0.000000] BIOS-e820: [mem 0x0000000000000000-0x000000000009fbff] usable
[    0.000000] BIOS-e820: [mem 0x000000000009fc00-0x000000000009ffff] reserved
[    0.000000] BIOS-e820: [mem 0x00000000000f0000-0x00000000000fffff] reserved
[    0.000000] BIOS-e820: [mem 0x0000000000100000-0x000000003ffeffff] usable
[    0.000000] BIOS-e820: [mem 0x000000003fff0000-0x000000003fffffff] ACPI data
[    0.000000] BIOS-e820: [mem 0x00000000fec00000-0x00000000fec00fff] reserved
[    0.000000] BIOS-e820: [mem 0x00000000fee00000-0x00000000fee00fff] reserved
[    0.000000] BIOS-e820: [mem 0x00000000fffc0000-0x00000000ffffffff] reserved
[    0.000000] NX (Execute Disable) protection: active
[    0.000000] SMBIOS 2.5 present.
[    0.000000] DMI: innotek GmbH VirtualBox/VirtualBox, BIOS VirtualBox 12/01/2006
[    0.000000] Hypervisor detected: KVM
[    0.000000] e820: last_pfn = 0x3fff0 max_arch_pfn = 0x400000000
[    0.000000] MTRR: Disabled
[    0.000000] x86/PAT: MTRRs disabled, skipping PAT initialization too.
[    0.000000] CPU MTRRs all blank - virtualized system.
[    0.000000] x86/PAT: Configuration [0-7]: WB  WT  UC- UC  WB  WT  UC- UC  
[    0.000000] found SMP MP-table at [mem 0x0009fff0-0x0009ffff]
[    0.000000] Scanning 1 areas for low memory corruption
[    0.000000] RAMDISK: [mem 0x359cb000-0x36cdcfff]
[    0.000000] ACPI: Early table checksum verification disabled
[    0.000000] ACPI: RSDP 0x00000000000E0000 000024 (v02 VBOX  )
[    0.000000] ACPI: XSDT 0x000000003FFF0030 00003C (v01 VBOX   VBOXXSDT 00000001 ASL  00000061)
[    0.000000] ACPI: FACP 0x000000003FFF00F0 0000F4 (v04 VBOX   VBOXFACP 00000001 ASL  00000061)
[    0.000000] ACPI: DSDT 0x000000003FFF0610 002353 (v02 VBOX   VBOXBIOS 00000002 INTL 20100528)
[    0.000000] ACPI: FACS 0x000000003FFF0200 000040
[    0.000000] ACPI: FACS 0x000000003FFF0200 000040
[    0.000000] ACPI: APIC 0x000000003FFF0240 00005C (v02 VBOX   VBOXAPIC 00000001 ASL  00000061)
[    0.000000] ACPI: SSDT 0x000000003FFF02A0 00036C (v01 VBOX   VBOXCPUT 00000002 INTL 20100528)
[    0.000000] ACPI: Reserving FACP table memory at [mem 0x3fff00f0-0x3fff01e3]
[    0.000000] ACPI: Reserving DSDT table memory at [mem 0x3fff0610-0x3fff2962]
[    0.000000] ACPI: Reserving FACS table memory at [mem 0x3fff0200-0x3fff023f]
[    0.000000] ACPI: Reserving FACS table memory at [mem 0x3fff0200-0x3fff023f]
[    0.000000] ACPI: Reserving APIC table memory at [mem 0x3fff0240-0x3fff029b]
[    0.000000] ACPI: Reserving SSDT table memory at [mem 0x3fff02a0-0x3fff060b]
[    0.000000] No NUMA configuration found
[    0.000000] Faking a node at [mem 0x0000000000000000-0x000000003ffeffff]
[    0.000000] NODE_DATA(0) allocated [mem 0x3ffc5000-0x3ffeffff]
[    0.000000] kvm-clock: cpu 0, msr 0:3ff44001, primary cpu clock
[    0.000000] kvm-clock: Using msrs 4b564d01 and 4b564d00
[    0.000000] kvm-clock: using sched offset of 3992609720 cycles
[    0.000000] clocksource: kvm-clock: mask: 0xffffffffffffffff max_cycles: 0x1cd42e4dffb, max_idle_ns: 881590591483 ns
[    0.000000] Zone ranges:
[    0.000000]   DMA      [mem 0x0000000000001000-0x0000000000ffffff]
[    0.000000]   DMA32    [mem 0x0000000001000000-0x000000003ffeffff]
[    0.000000]   Normal   empty
[    0.000000]   Device   empty
[    0.000000] Movable zone start for each node
[    0.000000] Early memory node ranges
[    0.000000]   node   0: [mem 0x0000000000001000-0x000000000009efff]
[    0.000000]   node   0: [mem 0x0000000000100000-0x000000003ffeffff]
[    0.000000] Reserved but unavailable: 104 pages
[    0.000000] Initmem setup node 0 [mem 0x0000000000001000-0x000000003ffeffff]
[    0.000000] ACPI: PM-Timer IO Port: 0x4008
[    0.000000] IOAPIC[0]: apic_id 2, version 32, address 0xfec00000, GSI 0-23
[    0.000000] ACPI: INT_SRC_OVR (bus 0 bus_irq 0 global_irq 2 dfl dfl)
[    0.000000] ACPI: INT_SRC_OVR (bus 0 bus_irq 9 global_irq 9 low level)
[    0.000000] Using ACPI (MADT) for SMP configuration information
[    0.000000] smpboot: Allowing 2 CPUs, 0 hotplug CPUs
[    0.000000] PM: Registered nosave memory: [mem 0x00000000-0x00000fff]
[    0.000000] PM: Registered nosave memory: [mem 0x0009f000-0x0009ffff]
[    0.000000] PM: Registered nosave memory: [mem 0x000a0000-0x000effff]
[    0.000000] PM: Registered nosave memory: [mem 0x000f0000-0x000fffff]
[    0.000000] e820: [mem 0x40000000-0xfebfffff] available for PCI devices
[    0.000000] Booting paravirtualized kernel on KVM
[    0.000000] clocksource: refined-jiffies: mask: 0xffffffff max_cycles: 0xffffffff, max_idle_ns: 7645519600211568 ns
[    0.000000] setup_percpu: NR_CPUS:8192 nr_cpumask_bits:2 nr_cpu_ids:2 nr_node_ids:1
[    0.000000] percpu: Embedded 50 pages/cpu s167936 r8192 d28672 u1048576
[    0.000000] PV qspinlock hash table entries: 256 (order: 0, 4096 bytes)
[    0.000000] Built 1 zonelists, mobility grouping on.  Total pages: 257913
[    0.000000] Policy zone: DMA32
[    0.000000] Kernel command line: BOOT_IMAGE=/boot/vmlinuz-4.15.0-212-generic root=LABEL=cloudimg-rootfs ro console=tty1 console=ttyS0
[    0.000000] Memory: 982644K/1048120K available (12300K kernel code, 2477K rwdata, 4324K rodata, 2480K init, 2720K bss, 65476K reserved, 0K cma-reserved)
[    0.000000] SLUB: HWalign=64, Order=0-3, MinObjects=0, CPUs=2, Nodes=1
[    0.000000] ftrace: allocating 39508 entries in 155 pages
[    0.004000] Hierarchical RCU implementation.
[    0.004000] 	RCU restricting CPUs from NR_CPUS=8192 to nr_cpu_ids=2.
[    0.004000] 	Tasks RCU enabled.
[    0.004000] RCU: Adjusting geometry for rcu_fanout_leaf=16, nr_cpu_ids=2
[    0.004000] NR_IRQS: 524544, nr_irqs: 440, preallocated irqs: 16
[    0.004000] random: crng init done
[    0.004000] Console: colour VGA+ 80x25
[    0.004000] console [tty1] enabled
[    0.004000] console [ttyS0] enabled
[    0.004000] ACPI: Core revision 20170831
[    0.004000] ACPI: 2 ACPI AML tables successfully acquired and loaded
[    0.004000] APIC: Switch to symmetric I/O mode setup
[    0.004000] ..TIMER: vector=0x30 apic1=0 pin1=2 apic2=-1 pin2=-1
[    0.004007] tsc: Detected 3792.730 MHz processor
[    0.008008] Calibrating delay loop (skipped) preset value.. 7585.46 BogoMIPS (lpj=15170920)
[    0.012008] pid_max: default: 32768 minimum: 301
[    0.016081] Security Framework initialized
[    0.020006] Yama: becoming mindful.
[    0.024105] AppArmor: AppArmor initialized
[    0.033123] Dentry cache hash table entries: 131072 (order: 8, 1048576 bytes)
[    0.041565] Inode-cache hash table entries: 65536 (order: 7, 524288 bytes)
[    0.044088] Mount-cache hash table entries: 2048 (order: 2, 16384 bytes)
[    0.048086] Mountpoint-cache hash table entries: 2048 (order: 2, 16384 bytes)
[    0.053591] Last level iTLB entries: 4KB 1024, 2MB 1024, 4MB 512
[    0.056007] Last level dTLB entries: 4KB 2048, 2MB 2048, 4MB 1024, 1GB 0
[    0.060004] Spectre V1 : Mitigation: usercopy/swapgs barriers and __user pointer sanitization
[    0.064007] Spectre V2 : Mitigation: Retpolines
[    0.068005] Spectre V2 : Spectre v2 / SpectreRSB mitigation: Filling RSB on context switch
[    0.072005] Spectre V2 : Spectre v2 / SpectreRSB : Filling RSB on VMEXIT
[    0.076005] RETBleed: Vulnerable
[    0.080165] Freeing SMP alternatives memory: 36K
[    0.199235] APIC calibration not consistent with PM-Timer: 101ms instead of 100ms
[    0.200000] APIC delta adjusted to PM-Timer: 6337524 (6412062)
[    0.200396] smpboot: CPU0: AMD Ryzen 3 4100 4-Core Processor (family: 0x17, model: 0x60, stepping: 0x1)
[    0.204471] Performance Events: PMU not available due to virtualization, using software events only.
[    0.208138] Hierarchical SRCU implementation.
[    0.216518] NMI watchdog: Perf event create on CPU 0 failed with -2
[    0.220006] NMI watchdog: Perf NMI watchdog permanently disabled
[    0.224438] smp: Bringing up secondary CPUs ...
[    0.232812] x86: Booting SMP configuration:
[    0.236008] .... node  #0, CPUs:      #1
[    0.004000] kvm-clock: cpu 1, msr 0:3ff44041, secondary cpu clock
[    0.247018] TSC synchronization [CPU#0 -> CPU#1]:
[    0.248000] Measured 144590 cycles TSC warp between CPUs, turning off TSC clock.
[    0.248000] tsc: Marking TSC unstable due to check_tsc_sync_source failed
[    0.248281] smp: Brought up 1 node, 2 CPUs
[    0.252007] smpboot: Max logical packages: 1
[    0.256007] smpboot: Total of 2 processors activated (15170.92 BogoMIPS)
[    0.264160] devtmpfs: initialized
[    0.268448] x86/mm: Memory block size: 128MB
[    0.272446] evm: security.selinux
[    0.276003] evm: security.SMACK64
[    0.280007] evm: security.SMACK64EXEC
[    0.288004] evm: security.SMACK64TRANSMUTE
[    0.292003] evm: security.SMACK64MMAP
[    0.296004] evm: security.apparmor
[    0.300003] evm: security.ima
[    0.304005] evm: security.capability
[    0.308423] clocksource: jiffies: mask: 0xffffffff max_cycles: 0xffffffff, max_idle_ns: 7645041785100000 ns
[    0.320018] futex hash table entries: 512 (order: 3, 32768 bytes)
[    0.328273] pinctrl core: initialized pinctrl subsystem
[    0.332474] RTC time:  2:51:11, date: 08/08/24
[    0.341043] NET: Registered protocol family 16
[    0.344201] audit: initializing netlink subsys (disabled)
[    0.348277] audit: type=2000 audit(1723085477.173:1): state=initialized audit_enabled=0 res=1
[    0.356110] cpuidle: using governor ladder
[    0.360193] cpuidle: using governor menu
[    0.369602] ACPI: bus type PCI registered
[    0.372009] acpiphp: ACPI Hot Plug PCI Controller Driver version: 0.5
[    0.376573] PCI: Using configuration type 1 for base access
[    0.380007] PCI: Using configuration type 1 for extended access
[    0.388184] HugeTLB registered 2.00 MiB page size, pre-allocated 0 pages
[    0.396321] ACPI: Added _OSI(Module Device)
[    0.400098] ACPI: Added _OSI(Processor Device)
[    0.408012] ACPI: Added _OSI(3.0 _SCP Extensions)
[    0.412006] ACPI: Added _OSI(Processor Aggregator Device)
[    0.416009] ACPI: Added _OSI(Linux-Dell-Video)
[    0.420009] ACPI: Added _OSI(Linux-Lenovo-NV-HDMI-Audio)
[    0.428006] ACPI: Added _OSI(Linux-HPI-Hybrid-Graphics)
[    0.432955] ACPI: Executed 1 blocks of module-level executable AML code
[    0.445588] ACPI: Interpreter enabled
[    0.448018] ACPI: (supports S0 S5)
[    0.452008] ACPI: Using IOAPIC for interrupt routing
[    0.456432] PCI: Using host bridge windows from ACPI; if necessary, use "pci=nocrs" and report a bug
[    0.464260] ACPI: Enabled 2 GPEs in block 00 to 07
[    0.480084] ACPI: PCI Root Bridge [PCI0] (domain 0000 [bus 00-ff])
[    0.484017] acpi PNP0A03:00: _OSC: OS supports [ExtendedConfig ASPM ClockPM Segments MSI]
[    0.493553] acpi PNP0A03:00: _OSC: platform does not support [PCIeCapability]
[    0.500532] acpi PNP0A03:00: _OSC: not requesting control; platform does not support [PCIeCapability]
[    0.508009] acpi PNP0A03:00: _OSC: OS requested [PCIeHotplug PME AER PCIeCapability]
[    0.516007] acpi PNP0A03:00: _OSC: platform willing to grant [PCIeHotplug PME AER]
[    0.520009] acpi PNP0A03:00: _OSC failed (AE_SUPPORT); disabling ASPM
[    0.528798] PCI host bridge to bus 0000:00
[    0.532008] pci_bus 0000:00: root bus resource [io  0x0000-0x0cf7 window]
[    0.536010] pci_bus 0000:00: root bus resource [io  0x0d00-0xffff window]
[    0.544008] pci_bus 0000:00: root bus resource [mem 0x000a0000-0x000bffff window]
[    0.548011] pci_bus 0000:00: root bus resource [mem 0x40000000-0xfdffffff window]
[    0.556008] pci_bus 0000:00: root bus resource [bus 00-ff]
[    0.568510] pci 0000:00:01.1: legacy IDE quirk: reg 0x10: [io  0x01f0-0x01f7]
[    0.572012] pci 0000:00:01.1: legacy IDE quirk: reg 0x14: [io  0x03f6]
[    0.580007] pci 0000:00:01.1: legacy IDE quirk: reg 0x18: [io  0x0170-0x0177]
[    0.584009] pci 0000:00:01.1: legacy IDE quirk: reg 0x1c: [io  0x0376]
[    0.611338] pci 0000:00:07.0: quirk: [io  0x4000-0x403f] claimed by PIIX4 ACPI
[    0.616047] pci 0000:00:07.0: quirk: [io  0x4100-0x410f] claimed by PIIX4 SMB
[    0.634915] ACPI: PCI Interrupt Link [LNKA] (IRQs 5 9 10 *11)
[    0.640543] ACPI: PCI Interrupt Link [LNKB] (IRQs 5 9 *10 11)
[    0.644233] ACPI: PCI Interrupt Link [LNKC] (IRQs 5 *9 10 11)
[    0.648241] ACPI: PCI Interrupt Link [LNKD] (IRQs 5 9 10 *11)
[    0.656806] SCSI subsystem initialized
[    0.660209] pci 0000:00:02.0: vgaarb: setting as boot VGA device
[    0.664000] pci 0000:00:02.0: vgaarb: VGA device added: decodes=io+mem,owns=io+mem,locks=none
[    0.672009] pci 0000:00:02.0: vgaarb: bridge control possible
[    0.676007] vgaarb: loaded
[    0.680070] ACPI: bus type USB registered
[    0.684063] usbcore: registered new interface driver usbfs
[    0.688029] usbcore: registered new interface driver hub
[    0.692030] usbcore: registered new device driver usb
[    0.700263] EDAC MC: Ver: 3.0.0
[    0.704470] PCI: Using ACPI for IRQ routing
[    0.708819] NetLabel: Initializing
[    0.712006] NetLabel:  domain hash size = 128
[    0.716006] NetLabel:  protocols = UNLABELED CIPSOv4 CALIPSO
[    0.720090] NetLabel:  unlabeled traffic allowed by default
[    0.724327] clocksource: Switched to clocksource kvm-clock
[    0.768009] VFS: Disk quotas dquot_6.6.0
[    0.776924] VFS: Dquot-cache hash table entries: 512 (order 0, 4096 bytes)
[    0.784473] AppArmor: AppArmor Filesystem Enabled
[    0.788924] pnp: PnP ACPI init
[    0.793736] pnp: PnP ACPI: found 3 devices
[    0.834731] clocksource: acpi_pm: mask: 0xffffff max_cycles: 0xffffff, max_idle_ns: 2085701024 ns
[    0.843135] NET: Registered protocol family 2
[    0.848032] IP idents hash table entries: 16384 (order: 5, 131072 bytes)
[    0.854397] TCP established hash table entries: 8192 (order: 4, 65536 bytes)
[    0.860656] TCP bind hash table entries: 8192 (order: 5, 131072 bytes)
[    0.867403] TCP: Hash tables configured (established 8192 bind 8192)
[    0.874190] UDP hash table entries: 512 (order: 2, 16384 bytes)
[    0.879795] UDP-Lite hash table entries: 512 (order: 2, 16384 bytes)
[    0.885845] NET: Registered protocol family 1
[    0.889980] pci 0000:00:00.0: Limiting direct PCI/PCI transfers
[    0.895127] pci 0000:00:01.0: Activating ISA DMA hang workarounds
[    0.900470] pci 0000:00:02.0: Video device with shadowed ROM at [mem 0x000c0000-0x000dffff]
[    0.908393] Unpacking initramfs...
[    1.054811] Freeing initrd memory: 19528K
[    1.350663] clocksource: tsc: mask: 0xffffffffffffffff max_cycles: 0x6d570932c98, max_idle_ns: 881590888422 ns
[    1.359120] platform rtc_cmos: registered platform RTC device (no PNP device found)
[    1.365673] Scanning for low memory corruption every 60 seconds
[    1.372629] Initialise system trusted keyrings
[    1.377233] Key type blacklist registered
[    1.381660] workingset: timestamp_bits=36 max_order=18 bucket_order=0
[    1.389345] zbud: loaded
[    1.393857] squashfs: version 4.0 (2009/01/31) Phillip Lougher
[    1.400031] fuse init (API version 7.26)
[    1.432855] Key type asymmetric registered
[    1.436164] Asymmetric key parser 'x509' registered
[    1.440378] Block layer SCSI generic (bsg) driver version 0.4 loaded (major 246)
[    1.446843] io scheduler noop registered
[    1.450642] io scheduler deadline registered
[    1.454251] io scheduler cfq registered (default)
[    1.458903] ACPI: AC Adapter [AC] (on-line)
[    1.462634] input: Power Button as /devices/LNXSYSTM:00/LNXPWRBN:00/input/input0
[    1.469023] ACPI: Power Button [PWRF]
[    1.472616] input: Sleep Button as /devices/LNXSYSTM:00/LNXSLPBN:00/input/input1
[    1.478618] ACPI: Sleep Button [SLPF]
[    1.483991] Serial: 8250/16550 driver, 32 ports, IRQ sharing enabled
[    1.519412] 00:02: ttyS0 at I/O 0x3f8 (irq = 4, base_baud = 115200) is a 16550A
[    1.543130] Linux agpgart interface v0.103
[    1.557365] loop: module loaded
[    1.562931] scsi host0: ata_piix
[    1.566767] scsi host1: ata_piix
[    1.570009] ata1: PATA max UDMA/33 cmd 0x1f0 ctl 0x3f6 bmdma 0xd000 irq 14
[    1.576070] ata2: PATA max UDMA/33 cmd 0x170 ctl 0x376 bmdma 0xd008 irq 15
[    1.582045] tun: Universal TUN/TAP device driver, 1.6
[    1.587336] PPP generic driver version 2.4.2
[    1.591614] ehci_hcd: USB 2.0 'Enhanced' Host Controller (EHCI) Driver
[    1.597670] ehci-pci: EHCI PCI platform driver
[    1.601640] ehci-platform: EHCI generic platform driver
[    1.606545] ohci_hcd: USB 1.1 'Open' Host Controller (OHCI) Driver
[    1.611936] ohci-pci: OHCI PCI platform driver
[    1.616232] ohci-platform: OHCI generic platform driver
[    1.621100] uhci_hcd: USB Universal Host Controller Interface driver
[    1.626611] i8042: PNP: PS/2 Controller [PNP0303:PS2K,PNP0f03:PS2M] at 0x60,0x64 irq 1,12
[    1.636654] serio: i8042 KBD port at 0x60,0x64 irq 1
[    1.641183] serio: i8042 AUX port at 0x60,0x64 irq 12
[    1.646350] mousedev: PS/2 mouse device common for all mice
[    1.653485] input: AT Translated Set 2 keyboard as /devices/platform/i8042/serio0/input/input2
[    1.657904] rtc_cmos rtc_cmos: rtc core: registered rtc_cmos as rtc0
[    1.666744] rtc_cmos rtc_cmos: alarms up to one day, 114 bytes nvram
[    1.672181] i2c /dev entries driver
[    1.675124] device-mapper: uevent: version 1.0.3
[    1.679394] device-mapper: ioctl: 4.37.0-ioctl (2017-09-20) initialised: dm-devel@redhat.com
[    1.686555] ledtrig-cpu: registered to indicate activity on CPUs
[    1.693081] NET: Registered protocol family 10
[    1.708162] Segment Routing with IPv6
[    1.711147] NET: Registered protocol family 17
[    1.715412] Key type dns_resolver registered
[    1.720264] mce: Using 0 MCE banks
[    1.723535] RAS: Correctable Errors collector initialized.
[    1.729051] sched_clock: Marking stable (1728979637, 0)->(2333818603, -604838966)
[    1.738516] registered taskstats version 1
[    1.742745] Loading compiled-in X.509 certificates
[    1.774353] Loaded X.509 cert 'Build time autogenerated kernel key: b5b26778eaa3ab3a4a6cee031137706e947d12ad'
[    1.784520] Loaded X.509 cert 'Canonical Ltd. Live Patch Signing: 14df34d1a87cf37625abec039ef2bf521249b969'
[    1.793164] Loaded X.509 cert 'Canonical Ltd. Kernel Module Signing: 88f752e560a1e0737e31163a466ad7b70a850c19'
[    1.801331] blacklist: Loading compiled-in revocation X.509 certificates
[    1.806882] Loaded X.509 cert 'Canonical Ltd. Secure Boot Signing: 61482aa2830d0ab2ad5af10b7250da9033ddcef0'
[    1.814791] Loaded X.509 cert 'Canonical Ltd. Secure Boot Signing (2017): 242ade75ac4a15e50d50c84b0d45ff3eae707a03'
[    1.823078] Loaded X.509 cert 'Canonical Ltd. Secure Boot Signing (ESM 2018): 365188c1d374d6b07c3c8f240f8ef722433d6a8b'
[    1.831822] Loaded X.509 cert 'Canonical Ltd. Secure Boot Signing (2019): c0746fd6c5da3ae827864651ad66ae47fe24b3e8'
[    1.840496] Loaded X.509 cert 'Canonical Ltd. Secure Boot Signing (2021 v1): a8d54bbb3825cfb94fa13c9f8a594a195c107b8d'
[    1.848894] Loaded X.509 cert 'Canonical Ltd. Secure Boot Signing (2021 v2): 4cf046892d6fd3c9a5b03f98d845f90851dc6a8c'
[    1.857079] Loaded X.509 cert 'Canonical Ltd. Secure Boot Signing (2021 v3): 100437bb6de6e469b581e61cd66bce3ef4ed53af'
[    1.865696] Loaded X.509 cert 'Canonical Ltd. Secure Boot Signing (Ubuntu Core 2019): c1d57b8f6b743f23ee41f4f7ee292f06eecadfb9'
[    1.874834] zswap: loaded using pool lzo/zbud
[    1.888200] Key type big_key registered
[    1.892111] Key type trusted registered
[    1.899270] Key type encrypted registered
[    1.903413] AppArmor: AppArmor sha1 policy hashing enabled
[    1.908242] ima: No TPM chip found, activating TPM-bypass! (rc=-19)
[    1.913525] ima: Allocated hash algorithm: sha1
[    1.917633] evm: HMAC attrs: 0x1
[    1.921623]   Magic number: 4:162:864
[    1.925824] rtc_cmos rtc_cmos: setting system clock to 2024-08-08 02:51:13 UTC (1723085473)
[    1.932983] BIOS EDD facility v0.16 2004-Jun-25, 0 devices found
[    1.937913] EDD information not available.
[    1.944767] Freeing unused kernel image memory: 2480K
[    1.968655] Write protecting the kernel read-only data: 20480k
[    1.974771] Freeing unused kernel image memory: 2008K
[    1.979321] Freeing unused kernel image memory: 1820K
[    1.989789] x86/mm: Checked W+X mappings: passed, no W+X pages found.
Loading, please wait...
starting version 237
[    2.072843] Fusion MPT base driver 3.04.20
[    2.076585] Copyright (c) 1999-2008 LSI Corporation
[    2.088713] e1000: Intel(R) PRO/1000 Network Driver - version 7.3.21-k8-NAPI
[    2.094560] e1000: Copyright (c) 1999-2006 Intel Corporation.
[    2.123618] SSE version of gcm_enc/dec engaged.
[    2.136411] Fusion MPT SPI Host driver 3.04.20
[    2.343216] input: ImExPS/2 Generic Explorer Mouse as /devices/platform/i8042/serio1/input/input4
[    2.762617] e1000 0000:00:03.0 eth0: (PCI:33MHz:32-bit) 02:3b:7b:b7:3b:2d
[    2.768315] e1000 0000:00:03.0 eth0: Intel(R) PRO/1000 Network Connection
[    3.385830] e1000 0000:00:08.0 eth1: (PCI:33MHz:32-bit) 08:00:27:39:ff:72
[    3.391505] e1000 0000:00:08.0 eth1: Intel(R) PRO/1000 Network Connection
[    3.399309] e1000 0000:00:08.0 enp0s8: renamed from eth1
[    3.404947] mptbase: ioc0: Initiating bringup
[    3.417495] e1000 0000:00:03.0 enp0s3: renamed from eth0
[   98.436834] INFO: rcu_sched self-detected stall on CPU
[   98.440197] INFO: rcu_sched detected stalls on CPUs/tasks:
[   98.440922] 	1-...!: (1 GPs behind) idle=c0e/140000000000001/0 softirq=1168/1169 fqs=0 
[   98.452088] 	 (t=23750 jiffies g=-207 c=-208 q=66)
[   98.452097] 	1-...!: (1 GPs behind) idle=c0e/140000000000001/0 softirq=1168/1169 fqs=0 
[   98.455843] rcu_sched kthread starved for 23750 jiffies! g18446744073709551409 c18446744073709551408 f0x0 RCU_GP_WAIT_FQS(3) ->state=0x402 ->cpu=0
[   98.462203] 	(detected by 0, t=23750 jiffies, g=-207, c=-208, q=66)
[   98.472139] rcu_sched       I    0     8      2 0x80000000
[   98.477147] Sending NMI from CPU 0 to CPUs 1:
[   98.481447] Call Trace:
[   98.485933] NMI backtrace for cpu 1
[   98.485934] CPU: 1 PID: 155 Comm: systemd-udevd Not tainted 4.15.0-212-generic #223-Ubuntu
[   98.485934] Hardware name: innotek GmbH VirtualBox/VirtualBox, BIOS VirtualBox 12/01/2006
[   98.485935] RIP: 0010:io_serial_out+0x1a/0x20
[   98.485935] RSP: 0018:ffff8fb7ffd03b00 EFLAGS: 00010002
[   98.485935] RAX: 000000000000005b RBX: ffffffffa4516e60 RCX: 0000000000000000
[   98.485936] RDX: 00000000000003f8 RSI: 0000000000000000 RDI: ffffffffa4516e60
[   98.485936] RBP: ffff8fb7ffd03b00 R08: 0000000000000000 R09: 0000000000000007
[   98.485936] R10: 0000000000000000 R11: ffffffffa436a80d R12: 000000000000005b
[   98.485937] R13: ffffffffa436a81b R14: ffffffffa436a801 R15: ffffffffa4516e60
[   98.485937] FS:  00007fe7f0981680(0000) GS:ffff8fb7ffd00000(0000) knlGS:0000000000000000
[   98.485937] CS:  0010 DS: 0000 ES: 0000 CR0: 0000000080050033
[   98.485938] CR2: 0000556f95db3438 CR3: 0000000036a6a000 CR4: 00000000000006e0
[   98.485938] Call Trace:
[   98.485938]  <IRQ>
[   98.485938]  serial8250_console_putchar+0x2d/0x40
[   98.485938]  ? wait_for_xmitr+0xb0/0xb0
[   98.485938]  uart_console_write+0x4c/0x60
[   98.485939]  serial8250_console_write+0x10a/0x2a0
[   98.485939]  ? msg_print_text+0x80/0x100
[   98.485939]  univ8250_console_write+0x21/0x30
[   98.485939]  console_unlock+0x3cf/0x560
[   98.485939]  vprintk_emit+0x134/0x2c0
[   98.485940]  vprintk_default+0x29/0x50
[   98.485940]  vprintk_func+0x47/0xc0
[   98.485940]  printk+0x52/0x6e
[   98.485940]  show_trace_log_lvl+0x8c/0x3d0
[   98.485940]  ? vprintk_default+0x29/0x50
[   98.485940]  ? vprintk_func+0x47/0xc0
[   98.485941]  show_stack+0x34/0x50
[   98.485941]  sched_show_task+0xfe/0x130
[   98.485941]  rcu_check_gp_kthread_starvation+0xad/0xc0
[   98.485941]  rcu_check_callbacks+0x6c5/0x8e0
[   98.485941]  ? tick_sched_do_timer+0x50/0x50
[   98.485942]  update_process_times+0x2f/0x60
[   98.485942]  tick_sched_handle+0x26/0x70
[   98.485942]  ? tick_sched_do_timer+0x42/0x50
[   98.485942]  tick_sched_timer+0x39/0x80
[   98.485942]  __hrtimer_run_queues+0xdf/0x230
[   98.485942]  hrtimer_interrupt+0x97/0x180
[   98.485943]  smp_apic_timer_interrupt+0x6f/0x140
[   98.485943]  apic_timer_interrupt+0x90/0xa0
[   98.485943]  </IRQ>
[   98.485943] RIP: 0010:SyS_read+0x5/0xe0
[   98.485944] RSP: 0018:ffffba8240487f30 EFLAGS: 00010246 ORIG_RAX: ffffffffffffff11
[   98.485944] RAX: ffffffffa2c85880 RBX: ffffba8240487f58 RCX: 0000556f95d83010
[   98.485944] RDX: 0000000000001000 RSI: 0000556f95db1420 RDI: 0000000000000005
[   98.485945] RBP: ffffba8240487f48 R08: 0000000000000077 R09: 0000000000000000
[   98.485945] R10: 0000000000000000 R11: 0000000000000000 R12: 0000000000000000
[   98.485945] R13: 0000000000000000 R14: 0000000000000000 R15: 0000000000000000
[   98.485946]  ? kernel_write+0x50/0x50
[   98.485946]  ? do_syscall_64+0x73/0x130
[   98.485946]  entry_SYSCALL_64_after_hwframe+0x59/0xbe
[   98.485946] RIP: 0033:0x7fe7f047d031
[   98.485947] RSP: 002b:00007ffc98898888 EFLAGS: 00000246 ORIG_RAX: 0000000000000000
[   98.485947] RAX: ffffffffffffffda RBX: 0000556f95d83260 RCX: 00007fe7f047d031
[   98.485947] RDX: 0000000000001000 RSI: 0000556f95db1420 RDI: 0000000000000005
[   98.485948] RBP: 00007fe7f07552a0 R08: 0000000000000077 R09: 0000000000000000
[   98.485948] R10: 0000556f95d83010 R11: 0000000000000246 R12: 0000556f95db1420
[   98.485948] R13: 0000000000001001 R14: 0000000000000d68 R15: 0000000000001001
[   98.485948] Code: 55 48 89 e5 d3 e6 01 f2 ec 0f b6 c0 5d c3 0f 1f 00 0f 1f 44 00 00 0f b6 8f a1 00 00 00 89 d0 8b 57 08 55 48 89 e5 d3 e6 01 f2 ee <5d> c3 0f 1f 40 00 0f 1f 44 00 00 0f b6 87 a2 00 00 00 55 48 c7 
[   98.485956] rcu_sched kthread starved for 23750 jiffies! g18446744073709551409 c18446744073709551408 f0x0 RCU_GP_WAIT_FQS(3) ->state=0x402 ->cpu=0
[   98.487263]  __schedule+0x24e/0x890
[   98.490035] rcu_sched       I    0     8      2 0x80000000
[   98.496430]  schedule+0x2c/0x80
[   98.502885] Call Trace:
[   98.506750]  schedule_timeout+0x15d/0x370
[   98.510857]  __schedule+0x24e/0x890
[   98.516514]  ? __next_timer_interrupt+0xe0/0xe0
[   98.522185]  schedule+0x2c/0x80
[   98.529574]  rcu_gp_kthread+0x53a/0x980
[   98.535047]  schedule_timeout+0x15d/0x370
[   98.540800]  kthread+0x121/0x140
[   98.547113]  ? __next_timer_interrupt+0xe0/0xe0
[   98.551804]  ? rcu_note_context_switch+0x150/0x150
[   98.557504]  rcu_gp_kthread+0x53a/0x980
[   98.559655]  ? kthread_create_worker_on_cpu+0x70/0x70
[   98.561363]  kthread+0x121/0x140
[   98.565153]  ret_from_fork+0x35/0x40
[   98.568369]  ? rcu_note_context_switch+0x150/0x150
[   98.571775] NMI backtrace for cpu 1
[   98.575922]  ? kthread_create_worker_on_cpu+0x70/0x70
[   98.579123] CPU: 1 PID: 155 Comm: systemd-udevd Not tainted 4.15.0-212-generic #223-Ubuntu
[   98.582570]  ret_from_fork+0x35/0x40
[   98.585842] Hardware name: innotek GmbH VirtualBox/VirtualBox, BIOS VirtualBox 12/01/2006
[   98.847605] Call Trace:
[   98.849662]  <IRQ>
[   98.851404]  dump_stack+0x6d/0x8b
[   98.854086]  nmi_cpu_backtrace+0x94/0xa0
[   98.857275]  ? lapic_can_unplug_cpu+0xb0/0xb0
[   98.860834]  nmi_trigger_cpumask_backtrace+0xe7/0x130
[   98.864834]  arch_trigger_cpumask_backtrace+0x19/0x20
[   98.869254]  rcu_dump_cpu_stacks+0xa3/0xd5
[   98.872874]  rcu_check_callbacks+0x6cd/0x8e0
[   98.876307]  ? tick_sched_do_timer+0x50/0x50
[   98.879719]  update_process_times+0x2f/0x60
[   98.883042]  tick_sched_handle+0x26/0x70
[   98.886287]  ? tick_sched_do_timer+0x42/0x50
[   98.889977]  tick_sched_timer+0x39/0x80
[   98.893030]  __hrtimer_run_queues+0xdf/0x230
[   98.896452]  hrtimer_interrupt+0x97/0x180
[   98.899695]  smp_apic_timer_interrupt+0x6f/0x140
[   98.903362]  apic_timer_interrupt+0x90/0xa0
[   98.906765]  </IRQ>
[   98.908631] RIP: 0010:SyS_read+0x5/0xe0
[   98.911955] RSP: 0018:ffffba8240487f30 EFLAGS: 00010246 ORIG_RAX: ffffffffffffff11
[   98.917812] RAX: ffffffffa2c85880 RBX: ffffba8240487f58 RCX: 0000556f95d83010
[   98.923417] RDX: 0000000000001000 RSI: 0000556f95db1420 RDI: 0000000000000005
[   98.928887] RBP: ffffba8240487f48 R08: 0000000000000077 R09: 0000000000000000
[   98.934524] R10: 0000000000000000 R11: 0000000000000000 R12: 0000000000000000
[   98.940147] R13: 0000000000000000 R14: 0000000000000000 R15: 0000000000000000
[   98.945724]  ? kernel_write+0x50/0x50
[   98.948901]  ? do_syscall_64+0x73/0x130
[   98.952502]  entry_SYSCALL_64_after_hwframe+0x59/0xbe
[   98.956750] RIP: 0033:0x7fe7f047d031
[   98.959812] RSP: 002b:00007ffc98898888 EFLAGS: 00000246 ORIG_RAX: 0000000000000000
[   98.965756] RAX: ffffffffffffffda RBX: 0000556f95d83260 RCX: 00007fe7f047d031
[   98.971791] RDX: 0000000000001000 RSI: 0000556f95db1420 RDI: 0000000000000005
[   98.977879] RBP: 00007fe7f07552a0 R08: 0000000000000077 R09: 0000000000000000
[   98.983381] R10: 0000556f95d83010 R11: 0000000000000246 R12: 0000556f95db1420
[   98.988867] R13: 0000000000001001 R14: 0000000000000d68 R15: 0000000000001001
[   99.071918] ioc0: LSI53C1030 A0: Capabilities={Initiator}
[   99.604554] scsi host2: ioc0: LSI53C1030 A0, FwRev=00000000h, Ports=1, MaxQ=256, IRQ=20
[   99.778202] scsi 2:0:0:0: Direct-Access     VBOX     HARDDISK         1.0  PQ: 0 ANSI: 5
[   99.816769] scsi target2:0:0: Beginning Domain Validation
[   99.828766] scsi target2:0:0: Domain Validation skipping write tests
[   99.834046] scsi target2:0:0: Ending Domain Validation
[   99.838801] scsi target2:0:0: asynchronous
[   99.844372] scsi 2:0:1:0: Direct-Access     VBOX     HARDDISK         1.0  PQ: 0 ANSI: 5
[   99.880231] scsi target2:0:1: Beginning Domain Validation
[   99.892133] scsi target2:0:1: Domain Validation skipping write tests
[   99.897898] scsi target2:0:1: Ending Domain Validation
[   99.902732] scsi target2:0:1: asynchronous
[   99.918978] sd 2:0:0:0: Attached scsi generic sg0 type 0
[   99.924417] sd 2:0:0:0: [sda] 83886080 512-byte logical blocks: (42.9 GB/40.0 GiB)
[   99.925374] sd 2:0:1:0: [sdb] 20480 512-byte logical blocks: (10.5 MB/10.0 MiB)
[   99.936223] sd 2:0:1:0: Attached scsi generic sg1 type 0
[   99.937286] sd 2:0:0:0: [sda] Write Protect is off
[   99.941409] sd 2:0:1:0: [sdb] Write Protect is off
[   99.950260] sd 2:0:0:0: [sda] Incomplete mode parameter data
[   99.950376] sd 2:0:1:0: [sdb] Incomplete mode parameter data
[   99.954636] sd 2:0:0:0: [sda] Assuming drive cache: write through
[   99.959877] sd 2:0:1:0: [sdb] Assuming drive cache: write through
[   99.968024]  sda: sda1
[   99.975869] sd 2:0:0:0: [sda] Attached SCSI disk
[   99.984327] sd 2:0:1:0: [sdb] Attached SCSI disk
Begin: Loading essential drivers ... [  101.800589] raid6: sse2x1   gen()  7980 MB/s
[  101.848834] raid6: sse2x1   xor()  7954 MB/s
[  101.896582] raid6: sse2x2   gen() 16411 MB/s
[  101.948931] raid6: sse2x2   xor() 10949 MB/s
[  101.996811] raid6: sse2x4   gen() 17228 MB/s
[  102.048780] raid6: sse2x4   xor()  9768 MB/s
[  102.052612] raid6: using algorithm sse2x4 gen() 17228 MB/s
[  102.057207] raid6: .... xor() 9768 MB/s, rmw enabled
[  102.061320] raid6: using ssse3x2 recovery algorithm
[  102.067280] xor: measuring software checksum speed
[  102.167452]    prefetch64-sse: 44072.000 MB/sec
[  102.272308]    generic_sse: 42048.000 MB/sec
[  102.275942] xor: using function: prefetch64-sse (44072.000 MB/sec)
[  102.282806] async_tx: api initialized (async)
done.
Begin: Running /scripts/init-premount ... done.
Begin: Mounting root file system ... Begin: Running /scripts/local-top ... done.
Begin: Running /scripts/local-premount ... [  102.345166] Btrfs loaded, crc32c=crc32c-intel
Scanning for Btrfs filesystems
done.
Warning: fsck not present, so skipping root file system
[  102.403187] EXT4-fs (sda1): mounted filesystem with ordered data mode. Opts: (null)
done.
Begin: Running /scripts/local-bottom ... done.
Begin: Running /scripts/init-bottom ... done.
[  102.680628] ip_tables: (C) 2000-2006 Netfilter Core Team
[  102.703966] systemd[1]: systemd 237 running in system mode. (+PAM +AUDIT +SELINUX +IMA +APPARMOR +SMACK +SYSVINIT +UTMP +LIBCRYPTSETUP +GCRYPT +GNUTLS +ACL +XZ +LZ4 +SECCOMP +BLKID +ELFUTILS +KMOD -IDN2 +IDN -PCRE2 default-hierarchy=hybrid)
[  102.720495] systemd[1]: Detected virtualization oracle.
[  102.724847] systemd[1]: Detected architecture x86-64.

Welcome to [1mUbuntu 18.04.6 LTS[0m!

[  102.754050] systemd[1]: Set hostname to <ubuntu>.
[  102.764473] systemd[1]: Initializing machine ID from random generator.
[  102.770092] systemd[1]: Installed transient /etc/machine-id file.
[  103.147638] systemd[1]: Created slice System Slice.
[[0;32m  OK  [0m] Created slice System Slice.
[  103.153376] systemd[1]: Listening on LVM2 metadata daemon socket.
[[0;32m  OK  [0m] Listening on LVM2 metadata daemon socket.
[  103.160637] systemd[1]: Created slice system-serial\x2dgetty.slice.
[[0;32m  OK  [0m] Created slice system-serial\x2dgetty.slice.
[  103.167894] systemd[1]: Reached target System Time Synchronized.
[[0;32m  OK  [0m] Reached target System Time Synchronized.
[[0;32m  OK  [0m] Reached target Mounting snaps.
[[0;32m  OK  [0m] Listening on LVM2 poll daemon socket.
[[0;32m  OK  [0m] Created slice User and Session Slice.
[[0;32m  OK  [0m] Listening on Syslog Socket.
[[0;32m  OK  [0m] Listening on Device-mapper event daemon FIFOs.
[[0;32m  OK  [0m] Listening on Network Service Netlink Socket.
[[0;32m  OK  [0m] Set up automount Arbitrary Executab…rmats File System Automount Point.
[[0;32m  OK  [0m] Listening on Journal Socket.
         Starting Monitoring of LVM2 mirrors…ng dmeventd or progress polling...
         Mounting POSIX Message Queue File System...
         Starting Load Kernel Modules...
         Starting Create list of required st…ce nodes for the current kernel...
[[0;32m  OK  [0m] Listening on /dev/initctl Compatibility Named Pipe.
[[0;32m  OK  [0m] Listening on Journal Socket (/dev/log).
[  103.224171] Loading iSCSI transport class v2.0-870.
[  103.236602] iscsi: registered transport (tcp)
         Starting Set the console keyboard layout...
[[0;32m  OK  [0m] Listening on udev Kernel Socket.
[[0;32m  OK  [0m] Reached target Swap.
[[0;32m  OK  [0m] Listening on fsck to fsckd communication Socket.
         Starting File System Check on Root Device...
         Mounting Huge Pages File System...
[[0;32m  OK  [0m] Started Forward Password Requests to Wall Directory Watch.
         Starting Uncomplicated firewall...
[[0;32m  OK  [0m] Reached target Mounted snaps.
[[0;32m  OK  [0m] Reached target Slices.
[[0;32m  OK  [0m] Listening on Journal Audit Socket.
         Starting Journal Service...
[[0;32m  OK  [0m] Listening on udev Control Socket.
         Starting udev Coldplug all Devices...
[[0;32m  OK  [0m] Reached target User and Group Name Lookups.
         Mounting Kernel Debug File System...
[[0;32m  OK  [0m] Mounted POSIX Message Queue File System.
[[0;32m  OK  [0m] Started Create list of required sta…vice nodes for the current kernel.
[[0;32m  OK  [0m] Mounted Huge Pages File System.
[[0;32m  OK  [0m] Mounted Kernel Debug File System.
[[0;32m  OK  [0m] Started Uncomplicated firewall.
[[0;32m  OK  [0m] Started File System Check Daemon to report status.
[[0;32m  OK  [0m] Started LVM2 metadata daemon.
         Starting Create Static Device Nodes in /dev...
[[0;32m  OK  [0m] Started Journal Service.
[[0;32m  OK  [0m] Started udev Coldplug all Devices.
[[0;32m  OK  [0m] Started File System Check on Root Device.
         Starting Remount Root and Kernel File Systems...
[[0;32m  OK  [0m] Started Create Static Device Nodes in /dev.
[  103.468685] iscsi: registered transport (iser)
[[0;32m  OK  [0m] Started Load Kernel Modules.
         Mounting FUSE Control File System...
         Mounting Kernel Configuration File System...
         Starting Apply Kernel Variables...
[[0;32m  OK  [0m] Mounted FUSE Control File System.
[[0;32m  OK  [0m] Mounted Kernel Configuration File System.
[[0;32m  OK  [0m] Started Remount Root and Kernel File Systems.
         Starting Load/Save Random Seed...
         Starting Flush Journal to Persistent Storage...
         Starting udev Kernel Device Manager...
[[0;32m  OK  [0m] Started Monitoring of LVM2 mirrors,…sing dmeventd or progress polling.
[[0;32m  OK  [0m] Started Apply Kernel Variables.
[[0;32m  OK  [0m] Started Load/Save Random Seed.
[[0;32m  OK  [0m] Started udev Kernel Device Manager.
[[0;32m  OK  [0m] Started Flush Journal to Persistent Storage.
[[0;32m  OK  [0m] Found device /dev/ttyS0.
[[0;32m  OK  [0m] Listening on Load/Save RF Kill Switch Status /dev/rfkill Watch.
[[0;32m  OK  [0m] Started Set the console keyboard layout.
[[0;32m  OK  [0m] Started Dispatch Password Requests to Console Directory Watch.
[[0;32m  OK  [0m] Reached target Local Encrypted Volumes.
[[0;32m  OK  [0m] Reached target Local File Systems (Pre).
[[0;32m  OK  [0m] Reached target Local File Systems.
         Starting AppArmor initialization...
         Starting Commit a transient machine-id on disk...
         Starting Tell Plymouth To Write Out Runtime Data...
         Starting Set console font and keymap...
         Starting Create Volatile Files and Directories...
         Starting ebtables ruleset management...
         Mounting Arbitrary Executable File Formats File System...
[[0;32m  OK  [0m] Started Tell Plymouth To Write Out Runtime Data.
[[0;32m  OK  [0m] Mounted Arbitrary Executable File Formats File System.
[[0;32m  OK  [0m] Started Commit a transient machine-id on disk.
[[0;32m  OK  [0m] Started Create Volatile Files and Directories.
         Starting Update UTMP about System Boot/Shutdown...
[[0;32m  OK  [0m] Started Update UTMP about System Boot/Shutdown.
[[0;32m  OK  [0m] Started ebtables ruleset management.
[[0;32m  OK  [0m] Started AppArmor initialization.
         Starting Initial cloud-init job (pre-networking)...
         Starting Load AppArmor profiles managed internally by snapd...
[[0;32m  OK  [0m] Started Set console font and keymap.
[[0;32m  OK  [0m] Started Load AppArmor profiles managed internally by snapd.
[  107.284070] cloud-init[780]: Cloud-init v. 23.1.2-0ubuntu0~18.04.1 running 'init-local' at Thu, 08 Aug 2024 02:52:58 +0000. Up 106.92 seconds.
[[0;32m  OK  [0m] Started Initial cloud-init job (pre-networking).
[[0;32m  OK  [0m] Reached target Network (Pre).
         Starting Network Service...
[[0;32m  OK  [0m] Started Network Service.
         Starting Network Name Resolution...
         Starting Wait for Network to be Configured...
[[0;32m  OK  [0m] Started Network Name Resolution.
[[0;32m  OK  [0m] Reached target Network.
[[0;32m  OK  [0m] Reached target Host and Network Name Lookups.
[[0;32m  OK  [0m] Started Wait for Network to be Configured.
         Starting Initial cloud-init job (metadata service crawler)...
[  109.318178] cloud-init[944]: Cloud-init v. 23.1.2-0ubuntu0~18.04.1 running 'init' at Thu, 08 Aug 2024 02:53:00 +0000. Up 109.20 seconds.
[  109.324394] cloud-init[944]: ci-info: ++++++++++++++++++++++++++++++++++++++Net device info+++++++++++++++++++++++++++++++++++++++
[  109.330175] cloud-init[944]: ci-info: +--------+-------+----------------------------+---------------+--------+-------------------+
[  109.336020] cloud-init[944]: ci-info: | Device |   Up  |          Address           |      Mask     | Scope  |     Hw-Address    |
[  109.342306] cloud-init[944]: ci-info: +--------+-------+----------------------------+---------------+--------+-------------------+
[  109.348387] cloud-init[944]: ci-info: | enp0s3 |  True |         10.0.2.15          | 255.255.255.0 | global | 02:3b:7b:b7:3b:2d |
[  109.354204] cloud-init[944]: ci-info: | enp0s3 |  True | fe80::3b:7bff:feb7:3b2d/64 |       .       |  link  | 02:3b:7b:b7:3b:2d |
[  109.359972] cloud-init[944]: ci-info: | enp0s8 | False |             .              |       .       |   .    | 08:00:27:39:ff:72 |
[  109.365766] cloud-init[944]: ci-info: |   lo   |  True |         127.0.0.1          |   255.0.0.0   |  host  |         .         |
[  109.371764] cloud-init[944]: ci-info: |   lo   |  True |          ::1/128           |       .       |  host  |         .         |
[  109.377931] cloud-init[944]: ci-info: +--------+-------+----------------------------+---------------+--------+-------------------+
[  109.383887] cloud-init[944]: ci-info: ++++++++++++++++++++++++++++Route IPv4 info+++++++++++++++++++++++++++++
[  109.390241] cloud-init[944]: ci-info: +-------+-------------+----------+-----------------+-----------+-------+
[  109.395462] cloud-init[944]: ci-info: | Route | Destination | Gateway  |     Genmask     | Interface | Flags |
[  109.401395] cloud-init[944]: ci-info: +-------+-------------+----------+-----------------+-----------+-------+
[  109.406773] cloud-init[944]: ci-info: |   0   |   0.0.0.0   | 10.0.2.2 |     0.0.0.0     |   enp0s3  |   UG  |
[  109.412567] cloud-init[944]: ci-info: |   1   |   10.0.2.0  | 0.0.0.0  |  255.255.255.0  |   enp0s3  |   U   |
[  109.417853] cloud-init[944]: ci-info: |   2   |   10.0.2.2  | 0.0.0.0  | 255.255.255.255 |   enp0s3  |   UH  |
[  109.423136] cloud-init[944]: ci-info: +-------+-------------+----------+-----------------+-----------+-------+
[  109.428481] cloud-init[944]: ci-info: +++++++++++++++++++Route IPv6 info+++++++++++++++++++
[  109.433459] cloud-init[944]: ci-info: +-------+-------------+---------+-----------+-------+
[  109.438377] cloud-init[944]: ci-info: | Route | Destination | Gateway | Interface | Flags |
[  109.446280] cloud-init[944]: ci-info: +-------+-------------+---------+-----------+-------+
[  109.451084] cloud-init[944]: ci-info: |   1   |  fe80::/64  |    ::   |   enp0s3  |   U   |
[  109.457808] cloud-init[944]: ci-info: |   3   |    local    |    ::   |   enp0s3  |   U   |
[  109.468750] cloud-init[944]: ci-info: |   4   |   ff00::/8  |    ::   |   enp0s3  |   U   |
[  109.475826] cloud-init[944]: ci-info: +-------+-------------+---------+-----------+-------+
[  110.169595] cloud-init[944]: Generating public/private rsa key pair.
[  110.172444] cloud-init[944]: Your identification has been saved in /etc/ssh/ssh_host_rsa_key.
[  110.175295] cloud-init[944]: Your public key has been saved in /etc/ssh/ssh_host_rsa_key.pub.
[  110.178136] cloud-init[944]: The key fingerprint is:
[  110.179750] cloud-init[944]: SHA256:bgAYfriXxbglWmgl/G6O3MAsyc6Cf6SqWu01FLAwG0k root@ubuntu-bionic
[  110.182610] cloud-init[944]: The key's randomart image is:
[  110.184538] cloud-init[944]: +---[RSA 2048]----+
[  110.186006] cloud-init[944]: | oE.o            |
[  110.187612] cloud-init[944]: | .o% =           |
[  110.189268] cloud-init[944]: |  B.B =          |
[  110.191003] cloud-init[944]: | . =.B .         |
[  110.192831] cloud-init[944]: |.+o.+ o S        |
[  110.194281] cloud-init[944]: |o.+o+. o         |
[  110.195870] cloud-init[944]: |+o.O. o o        |
[  110.197462] cloud-init[944]: |o++.+. o         |
[  110.198884] cloud-init[944]: |Bo...            |
[  110.200423] cloud-init[944]: +----[SHA256]-----+
[  110.202127] cloud-init[944]: Generating public/private dsa key pair.
[  110.204511] cloud-init[944]: Your identification has been saved in /etc/ssh/ssh_host_dsa_key.
[  110.207263] cloud-init[944]: Your public key has been saved in /etc/ssh/ssh_host_dsa_key.pub.
[  110.210130] cloud-init[944]: The key fingerprint is:
[  110.211819] cloud-init[944]: SHA256:OBUw46+klVafy3gWKdYORu/teKa3hlaGGLtFe9GhQ3k root@ubuntu-bionic
[  110.214859] cloud-init[944]: The key's randomart image is:
[  110.216613] cloud-init[944]: +---[DSA 1024]----+
[  110.218370] cloud-init[944]: |      +..    .   |
[  110.219888] cloud-init[944]: |     . o .  o E  |
[  110.221427] cloud-init[944]: |      . +  . + . |
[  110.223043] cloud-init[944]: |       B.+.o+ .  |
[  110.224715] cloud-init[944]: |      B S=Bo o   |
[  110.226380] cloud-init[944]: |     = =oB+++    |
[  110.227970] cloud-init[944]: |    . . .oB=.    |
[  110.229544] cloud-init[944]: |        .ooo=    |
[  110.230994] cloud-init[944]: |         .o*o.   |
[  110.232530] cloud-init[944]: +----[SHA256]-----+
[  110.234265] cloud-init[944]: Generating public/private ecdsa key pair.
[  110.236602] cloud-init[944]: Your identification has been saved in /etc/ssh/ssh_host_ecdsa_key.
[  110.239404] cloud-init[944]: Your public key has been saved in /etc/ssh/ssh_host_ecdsa_key.pub.
[  110.242244] cloud-init[944]: The key fingerprint is:
[  110.243911] cloud-init[944]: SHA256:qxddncrr28TnyAJCHA0Zev0lziqZz9j6d6hLYrGNFJ8 root@ubuntu-bionic
[  110.246784] cloud-init[944]: The key's randomart image is:
[  110.248706] cloud-init[944]: +---[ECDSA 256]---+
[  110.250187] cloud-init[944]: |        o=       |
[  110.251792] cloud-init[944]: |       .o..      |
[  110.253305] cloud-init[944]: |      ..o.. .... |
[  110.255134] cloud-init[944]: |       .oo =.oo  |
[  110.256721] cloud-init[944]: |       .S.Eo+.   |
[  110.258422] cloud-init[944]: |       .oOo.o.   |
[  110.259990] cloud-init[944]: |        Xo+. oo .|
[  110.261552] cloud-init[944]: |       o.O  =+.+ |
[  110.263083] cloud-init[944]: |      ..ooB=o++ .|
[  110.264706] cloud-init[944]: +----[SHA256]-----+
[  110.266193] cloud-init[944]: Generating public/private ed25519 key pair.
[  110.268522] cloud-init[944]: Your identification has been saved in /etc/ssh/ssh_host_ed25519_key.
[  110.271478] cloud-init[944]: Your public key has been saved in /etc/ssh/ssh_host_ed25519_key.pub.
[  110.274316] cloud-init[944]: The key fingerprint is:
[  110.276484] cloud-init[944]: SHA256:omlZ2fuO/FCFYZ/Cnue3K+D7WWIHngTgKK51u1iLzVk root@ubuntu-bionic
[  110.279376] cloud-init[944]: The key's randomart image is:
[  110.281155] cloud-init[944]: +--[ED25519 256]--+
[  110.282779] cloud-init[944]: |        . o      |
[  110.284343] cloud-init[944]: |       o + + .   |
[  110.285820] cloud-init[944]: |    . . . = +    |
[  110.287443] cloud-init[944]: |   . . o . =     |
[  110.289111] cloud-init[944]: |    o = S + +    |
[  110.290596] cloud-init[944]: |   o * o o.= o   |
[  110.292172] cloud-init[944]: |  . = o E. .* +  |
[  110.293795] cloud-init[944]: |   . * * +...* . |
[  110.295481] cloud-init[944]: |    o * oo=oo.o. |
[  110.297304] cloud-init[944]: +----[SHA256]-----+
[[0;32m  OK  [0m] Started Initial cloud-init job (metadata service crawler).
[[0;32m  OK  [0m] Reached target Cloud-config availability.
[[0;32m  OK  [0m] Reached target System Initialization.
[[0;32m  OK  [0m] Listening on ACPID Listen Socket.
[[0;32m  OK  [0m] Listening on D-Bus System Message Bus Socket.
[[0;32m  OK  [0m] Listening on Open-iSCSI iscsid Socket.
[[0;32m  OK  [0m] Started Daily Cleanup of Temporary Directories.
[[0;32m  OK  [0m] Listening on cloud-init hotplug hook socket.
         Starting LXD - unix socket.
[[0;32m  OK  [0m] Started Discard unused blocks once a week.
[[0;32m  OK  [0m] Started ACPI Events Check.
[[0;32m  OK  [0m] Reached target Paths.
[[0;32m  OK  [0m] Started Daily apt download activities.
         Starting Socket activation for snappy daemon.
[[0;32m  OK  [0m] Listening on UUID daemon activation socket.
[[0;32m  OK  [0m] Started Message of the Day.
[[0;32m  OK  [0m] Started Daily apt upgrade and clean activities.
[[0;32m  OK  [0m] Started Ubuntu Advantage Timer for running repeated jobs.
[[0;32m  OK  [0m] Reached target Timers.
[[0;32m  OK  [0m] Reached target Network is Online.
         Starting Availability of block devices...
[[0;32m  OK  [0m] Reached target Remote File Systems (Pre).
[[0;32m  OK  [0m] Reached target Remote File Systems.
[[0;32m  OK  [0m] Listening on LXD - unix socket.
[[0;32m  OK  [0m] Listening on Socket activation for snappy daemon.
[[0;32m  OK  [0m] Started Availability of block devices.
[[0;32m  OK  [0m] Reached target Sockets.
[[0;32m  OK  [0m] Reached target Basic System.
         Starting LSB: Record successful boot for GRUB...
         Starting Permit User Sessions...
         Starting Login Service...
         Starting Pollinate to seed the pseudo random number generator...
[[0;32m  OK  [0m] Started FUSE filesystem for LXC.
[[0;32m  OK  [0m] Reached target Login Prompts (Pre).
         Starting LSB: automatic crash report generation...
[[0;32m  OK  [0m] Started D-Bus System Message Bus.
[[0;32m  OK  [0m] Started Deferred execution scheduler.
[[0;32m  OK  [0m] Started Regular background program processing daemon.
         Starting Virtualbox guest utils...
         Starting System Logging Service...
         Starting Dispatcher daemon for systemd-networkd...
[[0;32m  OK  [0m] Started irqbalance daemon.
         Starting Accounts Service...
         Starting Snap Daemon...
         Starting LXD - container startup/shutdown...
[[0;32m  OK  [0m] Started System Logging Service.
[[0;32m  OK  [0m] Started Permit User Sessions.
[[0;32m  OK  [0m] Started Login Service.
[[0;32m  OK  [0m] Started Unattended Upgrades Shutdown.
         Starting Terminate Plymouth Boot Screen...
         Starting Hold until boot process finishes up...
[[0;32m  OK  [0m] Started Hold until boot process finishes up.
[[0;32m  OK  [0m] Started Serial Getty on ttyS0.
         Starting Set console scheme...
[[0;32m  OK  [0m] Started Terminate Plymouth Boot Screen.
[[0;32m  OK  [0m] Started LSB: automatic crash report generation.
[[0;32m  OK  [0m] Started Set console scheme.
[[0;32m  OK  [0m] Created slice system-getty.slice.
[[0;32m  OK  [0m] Started Getty on tty1.
[[0;32m  OK  [0m] Reached target Login Prompts.
         Starting Authorization Manager...
[[0;32m  OK  [0m] Started Virtualbox guest utils.
[[0;32m  OK  [0m] Started LSB: Record successful boot for GRUB.
[[0;32m  OK  [0m] Started Authorization Manager.
[[0;32m  OK  [0m] Started Accounts Service.
[[0;32m  OK  [0m] Started LXD - container startup/shutdown.
[[0;32m  OK  [0m] Started Dispatcher daemon for systemd-networkd.
[[0;32m  OK  [0m] Started Snap Daemon.
         Starting Wait until snapd is fully seeded...
[[0;32m  OK  [0m] Started Pollinate to seed the pseudo random number generator.
         Starting OpenBSD Secure Shell server...
[[0;32m  OK  [0m] Started OpenBSD Secure Shell server.
         Starting Time & Date Service...
[[0;32m  OK  [0m] Started Time & Date Service.
[[0;32m  OK  [0m] Started Wait until snapd is fully seeded.
         Starting Apply the settings specified in cloud-config...
[  115.925000] cloud-init[1545]: Cloud-init v. 23.1.2-0ubuntu0~18.04.1 running 'modules:config' at Thu, 08 Aug 2024 02:53:06 +0000. Up 115.38 seconds.
ci-info: no authorized SSH keys fingerprints found for user ubuntu.
<14>Aug  8 02:53:08 cloud-init: #############################################################
<14>Aug  8 02:53:08 cloud-init: -----BEGIN SSH HOST KEY FINGERPRINTS-----
<14>Aug  8 02:53:08 cloud-init: 1024 SHA256:OBUw46+klVafy3gWKdYORu/teKa3hlaGGLtFe9GhQ3k root@ubuntu-bionic (DSA)
<14>Aug  8 02:53:08 cloud-init: 256 SHA256:qxddncrr28TnyAJCHA0Zev0lziqZz9j6d6hLYrGNFJ8 root@ubuntu-bionic (ECDSA)
<14>Aug  8 02:53:08 cloud-init: 256 SHA256:omlZ2fuO/FCFYZ/Cnue3K+D7WWIHngTgKK51u1iLzVk root@ubuntu-bionic (ED25519)
<14>Aug  8 02:53:08 cloud-init: 2048 SHA256:bgAYfriXxbglWmgl/G6O3MAsyc6Cf6SqWu01FLAwG0k root@ubuntu-bionic (RSA)
<14>Aug  8 02:53:08 cloud-init: -----END SSH HOST KEY FINGERPRINTS-----
<14>Aug  8 02:53:08 cloud-init: #############################################################
-----BEGIN SSH HOST KEY KEYS-----
ecdsa-sha2-nistp256 AAAAE2VjZHNhLXNoYTItbmlzdHAyNTYAAAAIbmlzdHAyNTYAAABBBHkKyDrZeMJQbvRsatQLqY34Gc/+lQdE2+lSFObHhjMnblmIg4zGUM89FVPsufFU18xmWa4hkmE4Vw59bex6seQ= root@ubuntu-bionic
ssh-ed25519 AAAAC3NzaC1lZDI1NTE5AAAAIGD0ylo2smsEvqJfpuSdanhr8+InZOrHCNbkJGUtqHsG root@ubuntu-bionic
ssh-rsa AAAAB3NzaC1yc2EAAAADAQABAAABAQDDJ+mkYtM19H/tp9GGzpAKgkHVNNbRYI+tsYqlzxCuqN8TP6Ojbb6MmrRtlTmEeVIRpblIzJaXhJ9qCeZpLCzZiEK5C1Os6m+ptb8VK2AM+n4D+y7uyObhzrf77S94F+YO3hnPBJX8JUI381kwnJn76CfcxWnx5d4ooM/hyKrmb8tGejWiPdKB1DnokjatF+zlWh4G5/Nz7jx2HihtiZ8LISp15mEquQHQ/immYuXIgEKDJTfhed7hLgbNW0JqDwt56iP/t74P4P8Q1I1TADvbNBI/kbAUAX/HBkpkxV+0ii+y8AmmM+viyt79AzNVtbqJp6bb8NyVnUrEytHmV+mX root@ubuntu-bionic
-----END SSH HOST KEY KEYS-----
[  116.486207] cloud-init[1625]: Cloud-init v. 23.1.2-0ubuntu0~18.04.1 running 'modules:final' at Thu, 08 Aug 2024 02:53:07 +0000. Up 116.30 seconds.
[  116.486663] cloud-init[1625]: Cloud-init v. 23.1.2-0ubuntu0~18.04.1 finished at Thu, 08 Aug 2024 02:53:08 +0000. Datasource DataSourceNoCloud [seed=/dev/sdb][dsmode=net].  Up 116.47 seconds

Ubuntu 18.04.6 LTS ubuntu-bionic ttyS0

ubuntu-bionic login: 